----------------------------------------------------------
2023-04-28 12:11:35.268712
File:  ./02-BanditPDR-b=0-p=0.1/nodeData.txt
File:  ./02-BanditPDR-b=0-p=0.1/globalPerformance.txt
uNEC mJ:  [25.30673802 27.70946312 25.49727593 25.7732373  25.73573894 24.8754729
 26.12714802 25.23704459 26.36004939 26.37999045]
mean:  25.900213
std:  0.76250577


File:  ./02-BanditPDR-b=15-p=0.1/nodeData.txt
File:  ./02-BanditPDR-b=15-p=0.1/globalPerformance.txt
uNEC mJ:  [25.81452846 25.45137604 26.84327928 25.64215657 26.05865368 26.11376429
 26.60020895 26.02775498 26.37879315 26.15628917]
mean:  26.108683
std:  0.4002199


File:  ./03-BanditEnergyPDR-b=15-p=0.1/nodeData.txt
File:  ./03-BanditEnergyPDR-b=15-p=0.1/globalPerformance.txt
uNEC mJ:  [9.01306787 9.0808612  8.92269235 8.8102832  9.00423728 9.44115236
 9.05096445 8.9421763  8.95117817 9.39686835]
mean:  9.061348
std:  0.19274455


