----------------------------------------------------------
2023-04-28 12:18:02.444300
File:  ./01-LegacyADR/nodeData.txt
File:  ./01-LegacyADR/globalPerformance.txt
uNEC mJ:  [18.74942318 18.47565449 18.64167976 18.79477499 18.64093656 18.6966962
 18.67549476 18.63945357 18.39623348 18.36285056]
mean:  18.60732
std:  0.13891381


File:  ./02-BanditPDR/nodeData.txt
File:  ./02-BanditPDR/globalPerformance.txt
uNEC mJ:  [22.66374618 23.32666821 23.45476657 23.43765319 24.06827516 23.64349549
 23.25591691 22.95964958 23.69318161 24.06662551]
mean:  23.456997
std:  0.42074603


File:  ./03-BanditEnergyPDR/nodeData.txt
File:  ./03-BanditEnergyPDR/globalPerformance.txt
uNEC mJ:  [9.57500191 9.10016078 9.14130973 9.1575666  8.9943014  9.12586922
 9.06674791 9.26152691 8.92083157 8.55009455]
mean:  9.089341
std:  0.24557005


