----------------------------------------------------------
2023-04-28 09:46:11.189639
File:  ./02-BanditPDR-b=15-p=0.1/nodeData.txt
File:  ./02-BanditPDR-b=15-p=0.1/globalPerformance.txt
uNEC mJ:  [37.19089578 37.48818531 37.3261718  38.14214013 38.12326853 37.82506947
 37.71488145 38.14185852 36.82649339 38.48441547]
mean:  37.726334
std:  0.489993


File:  ./02-BanditPDR-b=15-p=0.067/nodeData.txt
File:  ./02-BanditPDR-b=15-p=0.067/globalPerformance.txt
uNEC mJ:  [34.28302342 35.95542062 35.8584269  34.98767434 36.38410921 35.81362134
 35.23991016 35.30658383 36.80400669 35.88640319]
mean:  35.651924
std:  0.6843538


File:  ./03-BanditEnergyPDR-b=15-p=0.1/nodeData.txt
File:  ./03-BanditEnergyPDR-b=15-p=0.1/globalPerformance.txt
uNEC mJ:  [19.84089007 20.28375184 20.56479985 20.43881038 20.04792779 20.03004135
 19.72966063 20.01692885 18.37786243 19.01086179]
mean:  19.834154
std:  0.6347147


