----------------------------------------------------------
2023-04-28 09:51:37.356179
File:  ./01-LegacyADR/nodeData.txt
File:  ./01-LegacyADR/globalPerformance.txt
uNEC mJ:  [35.08482577 34.4028045  35.06249306 34.12219004 34.29629336 34.63586337
 34.17260116 34.22965701 34.49715699 34.18241822]
mean:  34.468628
std:  0.33791468


File:  ./02-BanditPDR/nodeData.txt
File:  ./02-BanditPDR/globalPerformance.txt
uNEC mJ:  [33.85936672 35.6110438  32.89864709 34.16321374 36.44311201 36.04155452
 33.98987947 33.30592012 36.08605953 35.17712489]
mean:  34.75759
std:  1.2029653


File:  ./03-BanditEnergyPDR/nodeData.txt
File:  ./03-BanditEnergyPDR/globalPerformance.txt
uNEC mJ:  [19.86439422 19.80150434 20.42449175 22.03287074 20.95688238 20.49068197
 20.01655061 20.37984361 21.14798323 21.1373787 ]
mean:  20.625257
std:  0.66132534


